[debug] [2018-01-15T02:10:33.049Z] ----------------------------------------------------------------------
[debug] [2018-01-15T02:10:33.051Z] Command:       /usr/local/Cellar/node/8.9.0/bin/node /usr/local/bin/firebase serve
[debug] [2018-01-15T02:10:33.051Z] CLI Version:   3.16.0
[debug] [2018-01-15T02:10:33.051Z] Platform:      darwin
[debug] [2018-01-15T02:10:33.051Z] Node Version:  v8.9.0
[debug] [2018-01-15T02:10:33.052Z] Time:          Sun Jan 14 2018 21:10:33 GMT-0500 (EST)
[debug] [2018-01-15T02:10:33.052Z] ----------------------------------------------------------------------
[debug] 
[debug] [2018-01-15T02:10:33.062Z] > command requires scopes: ["email","openid","https://www.googleapis.com/auth/cloudplatformprojects.readonly","https://www.googleapis.com/auth/firebase","https://www.googleapis.com/auth/cloud-platform"]
[debug] [2018-01-15T02:10:33.062Z] > authorizing via signed-in user
[debug] [2018-01-15T02:10:33.065Z] >>> HTTP REQUEST GET https://admin.firebase.com/v1/projects/trainproject-29024  
  
 Sun Jan 14 2018 21:10:33 GMT-0500 (EST)
[debug] [2018-01-15T02:10:34.447Z] <<< HTTP RESPONSE 200
[debug] [2018-01-15T02:10:34.448Z] >>> HTTP REQUEST GET https://admin.firebase.com/v1/database/trainproject-29024/tokens  
  
 Sun Jan 14 2018 21:10:34 GMT-0500 (EST)
[debug] [2018-01-15T02:10:55.023Z] <<< HTTP RESPONSE 500
[debug] [2018-01-15T02:10:55.023Z] <<< HTTP RESPONSE BODY
[error] 
[error] Error: HTTP Error: 500, An unknown error occurred. Please contact support.
[debug] [2018-01-15T02:10:55.207Z] Error Context: {
  "body": {
    "error": {
      "code": "UNKNOWN_ERROR",
      "message": "An unknown error occurred. Please contact support."
    }
  },
  "response": {
    "statusCode": 500,
    "body": {
      "error": {
        "code": "UNKNOWN_ERROR",
        "message": "An unknown error occurred. Please contact support."
      }
    },
    "headers": {
      "server": "nginx",
      "date": "Mon, 15 Jan 2018 02:10:54 GMT",
      "content-type": "application/json; charset=utf-8",
      "content-length": "97",
      "connection": "close",
      "x-content-type-options": "nosniff"
    },
    "request": {
      "uri": {
        "protocol": "https:",
        "slashes": true,
        "auth": null,
        "host": "admin.firebase.com",
        "port": 443,
        "hostname": "admin.firebase.com",
        "hash": null,
        "search": null,
        "query": null,
        "pathname": "/v1/database/trainproject-29024/tokens",
        "path": "/v1/database/trainproject-29024/tokens",
        "href": "https://admin.firebase.com/v1/database/trainproject-29024/tokens"
      },
      "method": "GET"
    }
  }
}
